2018-08-09 21:48:24,886 INFO org.springframework.boot.StartupInfoLogger [main] Starting PrimeEnquiryApplication on venky-PC with PID 12376 (E:\eclipserepo\NRIPrimeApplication\prime-enquiry\target\classes started by venky in E:\eclipserepo\NRIPrimeApplication\prime-enquiry)
2018-08-09 21:48:24,890 INFO org.springframework.boot.SpringApplication [main] No active profile set, falling back to default profiles: default
2018-08-09 21:48:25,014 INFO org.springframework.context.support.AbstractApplicationContext [main] Refreshing org.springframework.boot.context.embedded.AnnotationConfigEmbeddedWebApplicationContext@176f51b5: startup date [Thu Aug 09 21:48:25 IST 2018]; root of context hierarchy
2018-08-09 21:48:26,386 INFO org.hibernate.validator.internal.util.Version [background-preinit] HV000001: Hibernate Validator 5.3.5.Final
2018-08-09 21:48:32,528 INFO org.springframework.boot.context.embedded.tomcat.TomcatEmbeddedServletContainer [main] Tomcat initialized with port(s): 8888 (http)
2018-08-09 21:48:32,564 INFO org.apache.juli.logging.DirectJDKLog [main] Starting service [Tomcat]
2018-08-09 21:48:32,568 INFO org.apache.juli.logging.DirectJDKLog [main] Starting Servlet Engine: Apache Tomcat/8.5.16
2018-08-09 21:48:33,708 INFO org.apache.juli.logging.DirectJDKLog [localhost-startStop-1] At least one JAR was scanned for TLDs yet contained no TLDs. Enable debug logging for this logger for a complete list of JARs that were scanned but no TLDs were found in them. Skipping unneeded JARs during scanning can improve startup time and JSP compilation time.
2018-08-09 21:48:33,724 INFO org.apache.juli.logging.DirectJDKLog [localhost-startStop-1] Initializing Spring embedded WebApplicationContext
2018-08-09 21:48:33,728 INFO org.springframework.boot.context.embedded.EmbeddedWebApplicationContext [localhost-startStop-1] Root WebApplicationContext: initialization completed in 8714 ms
2018-08-09 21:48:34,096 INFO org.springframework.boot.web.servlet.AbstractFilterRegistrationBean [localhost-startStop-1] Mapping filter: 'characterEncodingFilter' to: [/*]
2018-08-09 21:48:34,108 INFO org.springframework.boot.web.servlet.AbstractFilterRegistrationBean [localhost-startStop-1] Mapping filter: 'hiddenHttpMethodFilter' to: [/*]
2018-08-09 21:48:34,108 INFO org.springframework.boot.web.servlet.AbstractFilterRegistrationBean [localhost-startStop-1] Mapping filter: 'httpPutFormContentFilter' to: [/*]
2018-08-09 21:48:34,108 INFO org.springframework.boot.web.servlet.AbstractFilterRegistrationBean [localhost-startStop-1] Mapping filter: 'requestContextFilter' to: [/*]
2018-08-09 21:48:34,112 INFO org.springframework.boot.web.servlet.AbstractFilterRegistrationBean [localhost-startStop-1] Mapping filter: 'springSecurityFilterChain' to: [/*]
2018-08-09 21:48:34,116 INFO org.springframework.boot.web.servlet.ServletRegistrationBean [localhost-startStop-1] Mapping servlet: 'dispatcherServlet' to [/]
2018-08-09 21:48:35,208 INFO org.springframework.web.servlet.mvc.method.annotation.RequestMappingHandlerAdapter [main] Looking for @ControllerAdvice: org.springframework.boot.context.embedded.AnnotationConfigEmbeddedWebApplicationContext@176f51b5: startup date [Thu Aug 09 21:48:25 IST 2018]; root of context hierarchy
2018-08-09 21:48:35,388 INFO org.springframework.web.servlet.handler.AbstractHandlerMethodMapping$MappingRegistry [main] Mapped "{[/enquiry/advertisement],methods=[POST],consumes=[application/json || application/xml],produces=[text/html]}" onto public org.springframework.http.ResponseEntity com.prime.enquiry.controller.EnquiryController.advertisement(com.nriprime.beans.enquiry.Advertisement)
2018-08-09 21:48:35,396 INFO org.springframework.web.servlet.handler.AbstractHandlerMethodMapping$MappingRegistry [main] Mapped "{[/enquiry/courier],methods=[POST],consumes=[application/json || application/xml],produces=[text/html]}" onto public org.springframework.http.ResponseEntity com.prime.enquiry.controller.EnquiryController.courier(com.nriprime.beans.enquiry.Automobile)
2018-08-09 21:48:35,400 INFO org.springframework.web.servlet.handler.AbstractHandlerMethodMapping$MappingRegistry [main] Mapped "{[/enquiry/vriPrinting],methods=[POST],consumes=[application/json || application/xml],produces=[text/html]}" onto public org.springframework.http.ResponseEntity com.prime.enquiry.controller.EnquiryController.vriPrinting(com.nriprime.beans.enquiry.VRNRI)
2018-08-09 21:48:35,404 INFO org.springframework.web.servlet.handler.AbstractHandlerMethodMapping$MappingRegistry [main] Mapped "{[/enquiry/airLine],methods=[POST],consumes=[application/json || application/xml],produces=[text/html]}" onto public org.springframework.http.ResponseEntity com.prime.enquiry.controller.EnquiryController.airLine(com.nriprime.beans.enquiry.Automobile)
2018-08-09 21:48:35,412 INFO org.springframework.web.servlet.handler.AbstractHandlerMethodMapping$MappingRegistry [main] Mapped "{[/enquiry/tax],methods=[POST],consumes=[application/json || application/xml],produces=[text/html]}" onto public org.springframework.http.ResponseEntity com.prime.enquiry.controller.EnquiryController.usTaxation(com.nriprime.beans.enquiry.Tax)
2018-08-09 21:48:35,412 INFO org.springframework.web.servlet.handler.AbstractHandlerMethodMapping$MappingRegistry [main] Mapped "{[/enquiry/corporatePurchase],methods=[POST],consumes=[application/json || application/xml],produces=[text/html]}" onto public org.springframework.http.ResponseEntity com.prime.enquiry.controller.EnquiryController.corporatePurchase(com.nriprime.beans.enquiry.CorporatePurchase)
2018-08-09 21:48:35,416 INFO org.springframework.web.servlet.handler.AbstractHandlerMethodMapping$MappingRegistry [main] Mapped "{[/enquiry/localTour],methods=[POST],consumes=[application/json || application/xml],produces=[text/html]}" onto public org.springframework.http.ResponseEntity com.prime.enquiry.controller.EnquiryController.localTourPackages(com.nriprime.beans.enquiry.Tour)
2018-08-09 21:48:35,420 INFO org.springframework.web.servlet.handler.AbstractHandlerMethodMapping$MappingRegistry [main] Mapped "{[/enquiry/automobile],methods=[POST],consumes=[application/json || application/xml],produces=[text/html]}" onto public org.springframework.http.ResponseEntity com.prime.enquiry.controller.EnquiryController.automobileEnquiry(com.nriprime.beans.enquiry.Automobile)
2018-08-09 21:48:35,424 INFO org.springframework.web.servlet.handler.AbstractHandlerMethodMapping$MappingRegistry [main] Mapped "{[/enquiry/templeEnquiry],methods=[POST],consumes=[application/json || application/xml],produces=[text/html]}" onto public org.springframework.http.ResponseEntity com.prime.enquiry.controller.EnquiryController.templeEnquiry(com.nriprime.beans.enquiry.Temple)
2018-08-09 21:48:35,424 INFO org.springframework.web.servlet.handler.AbstractHandlerMethodMapping$MappingRegistry [main] Mapped "{[/enquiry/general],methods=[POST],consumes=[application/json || application/xml],produces=[text/html]}" onto public org.springframework.http.ResponseEntity com.prime.enquiry.controller.EnquiryController.general(com.nriprime.beans.enquiry.General)
2018-08-09 21:48:35,428 INFO org.springframework.web.servlet.handler.AbstractHandlerMethodMapping$MappingRegistry [main] Mapped "{[/enquiry/eventManagement],methods=[POST],consumes=[application/json || application/xml],produces=[text/html]}" onto public org.springframework.http.ResponseEntity com.prime.enquiry.controller.EnquiryController.eventManagement(com.nriprime.beans.enquiry.EventMangement)
2018-08-09 21:48:35,428 INFO org.springframework.web.servlet.handler.AbstractHandlerMethodMapping$MappingRegistry [main] Mapped "{[/enquiry/hotelStay],methods=[POST],consumes=[application/json || application/xml],produces=[text/html]}" onto public org.springframework.http.ResponseEntity com.prime.enquiry.controller.EnquiryController.hotelStay(com.nriprime.beans.enquiry.Hotel)
2018-08-09 21:48:35,432 INFO org.springframework.web.servlet.handler.AbstractHandlerMethodMapping$MappingRegistry [main] Mapped "{[/enquiry/itServices],methods=[POST],consumes=[application/json || application/xml],produces=[text/html]}" onto public org.springframework.http.ResponseEntity com.prime.enquiry.controller.EnquiryController.itServices(com.nriprime.beans.enquiry.ITServices)
2018-08-09 21:48:35,440 INFO org.springframework.web.servlet.handler.AbstractHandlerMethodMapping$MappingRegistry [main] Mapped "{[/enquiry/customProduct],methods=[POST],consumes=[application/json || application/xml],produces=[text/html]}" onto public org.springframework.http.ResponseEntity com.prime.enquiry.controller.EnquiryController.customProduct(com.nriprime.beans.enquiry.CustomProduct)
2018-08-09 21:48:35,444 INFO org.springframework.web.servlet.handler.AbstractHandlerMethodMapping$MappingRegistry [main] Mapped "{[/enquiry/purchase],methods=[POST],consumes=[application/json || application/xml],produces=[text/html]}" onto public org.springframework.http.ResponseEntity com.prime.enquiry.controller.EnquiryController.purchase(com.nriprime.beans.enquiry.Purchase)
2018-08-09 21:48:35,444 INFO org.springframework.web.servlet.handler.AbstractHandlerMethodMapping$MappingRegistry [main] Mapped "{[/enquiry/help],methods=[POST],consumes=[application/json || application/xml],produces=[text/html]}" onto public org.springframework.http.ResponseEntity com.prime.enquiry.controller.EnquiryController.helpInHyderabad(com.nriprime.beans.enquiry.Help)
2018-08-09 21:48:35,452 INFO org.springframework.web.servlet.handler.AbstractHandlerMethodMapping$MappingRegistry [main] Mapped "{[/enquiry/printing],methods=[POST],consumes=[application/json || application/xml],produces=[text/html]}" onto public org.springframework.http.ResponseEntity com.prime.enquiry.controller.EnquiryController.printing(com.nriprime.beans.enquiry.Printing)
2018-08-09 21:48:35,456 INFO org.springframework.web.servlet.handler.AbstractHandlerMethodMapping$MappingRegistry [main] Mapped "{[/enquiry/realEstate],methods=[POST],consumes=[application/json || application/xml],produces=[text/html]}" onto public org.springframework.http.ResponseEntity com.prime.enquiry.controller.EnquiryController.realEstate(com.nriprime.beans.enquiry.RealEstate)
2018-08-09 21:48:35,464 INFO org.springframework.web.servlet.handler.AbstractHandlerMethodMapping$MappingRegistry [main] Mapped "{[/enquiry/secondOpinion],methods=[POST],consumes=[application/json || application/xml],produces=[text/html]}" onto public org.springframework.http.ResponseEntity com.prime.enquiry.controller.EnquiryController.secondOpinion(com.nriprime.beans.enquiry.SecondOpinion)
2018-08-09 21:48:35,468 INFO org.springframework.web.servlet.handler.AbstractHandlerMethodMapping$MappingRegistry [main] Mapped "{[/enquiry/cashForCreation],methods=[POST],consumes=[application/json || application/xml],produces=[text/html]}" onto public org.springframework.http.ResponseEntity com.prime.enquiry.controller.EnquiryController.cashForCreation(com.nriprime.beans.enquiry.Automobile)
2018-08-09 21:48:35,472 INFO org.springframework.web.servlet.handler.AbstractHandlerMethodMapping$MappingRegistry [main] Mapped "{[/enquiry/womensTailoring],methods=[POST],consumes=[application/json || application/xml],produces=[text/html]}" onto public org.springframework.http.ResponseEntity com.prime.enquiry.controller.EnquiryController.womensTailoring(com.nriprime.beans.enquiry.WomensTailoring)
2018-08-09 21:48:35,472 INFO org.springframework.web.servlet.handler.AbstractHandlerMethodMapping$MappingRegistry [main] Mapped "{[/enquiry/automobileRepair],methods=[POST],consumes=[application/json || application/xml],produces=[text/html]}" onto public org.springframework.http.ResponseEntity com.prime.enquiry.controller.EnquiryController.automobileRepair(com.nriprime.beans.enquiry.AutomobileRepair)
2018-08-09 21:48:35,480 INFO org.springframework.web.servlet.handler.AbstractHandlerMethodMapping$MappingRegistry [main] Mapped "{[/enquiry/bulkProduct],methods=[POST],consumes=[application/json || application/xml],produces=[text/html]}" onto public org.springframework.http.ResponseEntity com.prime.enquiry.controller.EnquiryController.bulkProduct(com.nriprime.beans.enquiry.BulkProduct)
2018-08-09 21:48:35,484 INFO org.springframework.web.servlet.handler.AbstractHandlerMethodMapping$MappingRegistry [main] Mapped "{[/enquiry/mensTailoring],methods=[POST],consumes=[application/json || application/xml],produces=[text/html]}" onto public org.springframework.http.ResponseEntity com.prime.enquiry.controller.EnquiryController.mensTailoring(com.nriprime.beans.enquiry.MensTailoring)
2018-08-09 21:48:35,484 INFO org.springframework.web.servlet.handler.AbstractHandlerMethodMapping$MappingRegistry [main] Mapped "{[/enquiry/jewellery],methods=[POST],consumes=[application/json || application/xml],produces=[text/html]}" onto public org.springframework.http.ResponseEntity com.prime.enquiry.controller.EnquiryController.goldJewellery(com.nriprime.beans.enquiry.Jewellery)
2018-08-09 21:48:35,484 INFO org.springframework.web.servlet.handler.AbstractHandlerMethodMapping$MappingRegistry [main] Mapped "{[/enquiry/financialAdvice],methods=[POST],consumes=[application/json || application/xml],produces=[text/html]}" onto public org.springframework.http.ResponseEntity com.prime.enquiry.controller.EnquiryController.financialAdvice(com.nriprime.beans.enquiry.FinancialAdvice)
2018-08-09 21:48:35,500 INFO org.springframework.web.servlet.handler.AbstractHandlerMethodMapping$MappingRegistry [main] Mapped "{[/images/getImage/{name}],methods=[GET],produces=[application/octet-stream]}" onto public org.springframework.http.ResponseEntity<byte[]> com.prime.enquiry.controller.ImageController.getImage(java.lang.String) throws java.io.IOException
2018-08-09 21:48:35,508 INFO org.springframework.web.servlet.handler.AbstractHandlerMethodMapping$MappingRegistry [main] Mapped "{[/error]}" onto public org.springframework.http.ResponseEntity<java.util.Map<java.lang.String, java.lang.Object>> org.springframework.boot.autoconfigure.web.BasicErrorController.error(javax.servlet.http.HttpServletRequest)
2018-08-09 21:48:35,512 INFO org.springframework.web.servlet.handler.AbstractHandlerMethodMapping$MappingRegistry [main] Mapped "{[/error],produces=[text/html]}" onto public org.springframework.web.servlet.ModelAndView org.springframework.boot.autoconfigure.web.BasicErrorController.errorHtml(javax.servlet.http.HttpServletRequest,javax.servlet.http.HttpServletResponse)
2018-08-09 21:48:35,584 INFO org.springframework.web.servlet.handler.AbstractUrlHandlerMapping [main] Mapped URL path [/webjars/**] onto handler of type [class org.springframework.web.servlet.resource.ResourceHttpRequestHandler]
2018-08-09 21:48:35,584 INFO org.springframework.web.servlet.handler.AbstractUrlHandlerMapping [main] Mapped URL path [/**] onto handler of type [class org.springframework.web.servlet.resource.ResourceHttpRequestHandler]
2018-08-09 21:48:35,672 INFO org.springframework.web.servlet.handler.AbstractUrlHandlerMapping [main] Mapped URL path [/**/favicon.ico] onto handler of type [class org.springframework.web.servlet.resource.ResourceHttpRequestHandler]
2018-08-09 21:48:36,184 INFO org.springframework.boot.autoconfigure.security.AuthenticationManagerConfiguration$DefaultInMemoryUserDetailsManagerConfigurer [main] 

Using default security password: 3f8b9ecf-1d7c-403b-93ee-91835c8a3811

2018-08-09 21:48:36,284 INFO org.springframework.security.web.DefaultSecurityFilterChain [main] Creating filter chain: OrRequestMatcher [requestMatchers=[Ant [pattern='/css/**'], Ant [pattern='/js/**'], Ant [pattern='/images/**'], Ant [pattern='/webjars/**'], Ant [pattern='/**/favicon.ico'], Ant [pattern='/error']]], []
2018-08-09 21:48:36,284 INFO org.springframework.security.web.DefaultSecurityFilterChain [main] Creating filter chain: Ant [pattern='/resources/**'], []
2018-08-09 21:48:36,464 INFO org.springframework.security.web.DefaultSecurityFilterChain [main] Creating filter chain: org.springframework.security.web.util.matcher.AnyRequestMatcher@1, [org.springframework.security.web.context.request.async.WebAsyncManagerIntegrationFilter@11602129, org.springframework.security.web.context.SecurityContextPersistenceFilter@7a4eea8c, org.springframework.security.web.header.HeaderWriterFilter@44c3a9ff, org.springframework.security.web.authentication.logout.LogoutFilter@7c1ab634, org.springframework.security.web.savedrequest.RequestCacheAwareFilter@69e7807b, org.springframework.security.web.servletapi.SecurityContextHolderAwareRequestFilter@7e41b84a, org.springframework.security.web.authentication.AnonymousAuthenticationFilter@211bf909, org.springframework.security.web.session.SessionManagementFilter@4c4ce833, org.springframework.security.web.access.ExceptionTranslationFilter@11bc4ae0, org.springframework.security.web.access.intercept.FilterSecurityInterceptor@505b9d69]
2018-08-09 21:48:36,492 INFO org.springframework.security.web.DefaultSecurityFilterChain [main] Creating filter chain: OrRequestMatcher [requestMatchers=[Ant [pattern='/**']]], [org.springframework.security.web.context.request.async.WebAsyncManagerIntegrationFilter@23fce9ca, org.springframework.security.web.context.SecurityContextPersistenceFilter@41eee7aa, org.springframework.security.web.header.HeaderWriterFilter@28e35fb3, org.springframework.security.web.authentication.logout.LogoutFilter@14f2aecd, org.springframework.security.web.authentication.www.BasicAuthenticationFilter@4bb9891c, org.springframework.security.web.savedrequest.RequestCacheAwareFilter@4d759097, org.springframework.security.web.servletapi.SecurityContextHolderAwareRequestFilter@7fd9404d, org.springframework.security.web.authentication.AnonymousAuthenticationFilter@11df7aae, org.springframework.security.web.session.SessionManagementFilter@26e3502d, org.springframework.security.web.access.ExceptionTranslationFilter@29d4b878, org.springframework.security.web.access.intercept.FilterSecurityInterceptor@2267c60d]
2018-08-09 21:48:36,732 INFO org.springframework.jmx.export.MBeanExporter [main] Registering beans for JMX exposure on startup
2018-08-09 21:48:36,768 INFO org.apache.juli.logging.DirectJDKLog [main] Initializing ProtocolHandler ["http-nio-8888"]
2018-08-09 21:48:36,816 INFO org.apache.juli.logging.DirectJDKLog [main] Starting ProtocolHandler ["http-nio-8888"]
2018-08-09 21:48:36,880 INFO org.apache.juli.logging.DirectJDKLog [main] Using a shared selector for servlet write/read
2018-08-09 21:48:36,960 INFO org.springframework.boot.context.embedded.tomcat.TomcatEmbeddedServletContainer [main] Tomcat started on port(s): 8888 (http)
2018-08-09 21:48:36,972 INFO org.springframework.boot.StartupInfoLogger [main] Started PrimeEnquiryApplication in 12.846 seconds (JVM running for 29.257)
2018-08-09 21:50:04,085 INFO org.springframework.context.support.AbstractApplicationContext [Thread-3] Closing org.springframework.boot.context.embedded.AnnotationConfigEmbeddedWebApplicationContext@176f51b5: startup date [Thu Aug 09 21:48:25 IST 2018]; root of context hierarchy
2018-08-09 21:50:04,129 INFO org.springframework.jmx.export.MBeanExporter [Thread-3] Unregistering JMX-exposed beans on shutdown
2018-08-09 21:50:15,415 INFO org.springframework.boot.StartupInfoLogger [main] Starting PrimeEnquiryApplication on venky-PC with PID 9668 (E:\eclipserepo\NRIPrimeApplication\prime-enquiry\target\classes started by venky in E:\eclipserepo\NRIPrimeApplication\prime-enquiry)
2018-08-09 21:50:15,427 DEBUG org.springframework.boot.StartupInfoLogger [main] Running with Spring Boot v1.5.6.RELEASE, Spring v4.3.10.RELEASE
2018-08-09 21:50:15,427 INFO org.springframework.boot.SpringApplication [main] No active profile set, falling back to default profiles: default
2018-08-09 21:50:15,535 INFO org.springframework.context.support.AbstractApplicationContext [main] Refreshing org.springframework.boot.context.embedded.AnnotationConfigEmbeddedWebApplicationContext@6ec87a23: startup date [Thu Aug 09 21:50:15 IST 2018]; root of context hierarchy
2018-08-09 21:50:16,215 INFO org.hibernate.validator.internal.util.Version [background-preinit] HV000001: Hibernate Validator 5.3.5.Final
2018-08-09 21:50:18,441 INFO org.springframework.boot.context.embedded.tomcat.TomcatEmbeddedServletContainer [main] Tomcat initialized with port(s): 8888 (http)
2018-08-09 21:50:18,461 INFO org.apache.juli.logging.DirectJDKLog [main] Starting service [Tomcat]
2018-08-09 21:50:18,465 INFO org.apache.juli.logging.DirectJDKLog [main] Starting Servlet Engine: Apache Tomcat/8.5.16
2018-08-09 21:50:19,141 INFO org.apache.juli.logging.DirectJDKLog [localhost-startStop-1] At least one JAR was scanned for TLDs yet contained no TLDs. Enable debug logging for this logger for a complete list of JARs that were scanned but no TLDs were found in them. Skipping unneeded JARs during scanning can improve startup time and JSP compilation time.
2018-08-09 21:50:19,157 INFO org.apache.juli.logging.DirectJDKLog [localhost-startStop-1] Initializing Spring embedded WebApplicationContext
2018-08-09 21:50:19,161 INFO org.springframework.boot.context.embedded.EmbeddedWebApplicationContext [localhost-startStop-1] Root WebApplicationContext: initialization completed in 3630 ms
2018-08-09 21:50:19,537 INFO org.springframework.boot.web.servlet.AbstractFilterRegistrationBean [localhost-startStop-1] Mapping filter: 'characterEncodingFilter' to: [/*]
2018-08-09 21:50:19,537 INFO org.springframework.boot.web.servlet.AbstractFilterRegistrationBean [localhost-startStop-1] Mapping filter: 'hiddenHttpMethodFilter' to: [/*]
2018-08-09 21:50:19,541 INFO org.springframework.boot.web.servlet.AbstractFilterRegistrationBean [localhost-startStop-1] Mapping filter: 'httpPutFormContentFilter' to: [/*]
2018-08-09 21:50:19,541 INFO org.springframework.boot.web.servlet.AbstractFilterRegistrationBean [localhost-startStop-1] Mapping filter: 'requestContextFilter' to: [/*]
2018-08-09 21:50:19,541 INFO org.springframework.boot.web.servlet.AbstractFilterRegistrationBean [localhost-startStop-1] Mapping filter: 'springSecurityFilterChain' to: [/*]
2018-08-09 21:50:19,545 INFO org.springframework.boot.web.servlet.ServletRegistrationBean [localhost-startStop-1] Mapping servlet: 'dispatcherServlet' to [/]
2018-08-09 21:50:20,441 INFO org.springframework.web.servlet.mvc.method.annotation.RequestMappingHandlerAdapter [main] Looking for @ControllerAdvice: org.springframework.boot.context.embedded.AnnotationConfigEmbeddedWebApplicationContext@6ec87a23: startup date [Thu Aug 09 21:50:15 IST 2018]; root of context hierarchy
2018-08-09 21:50:20,617 INFO org.springframework.web.servlet.handler.AbstractHandlerMethodMapping$MappingRegistry [main] Mapped "{[/enquiry/automobile],methods=[POST],consumes=[application/json || application/xml],produces=[text/html]}" onto public org.springframework.http.ResponseEntity com.prime.enquiry.controller.EnquiryController.automobileEnquiry(com.nriprime.beans.enquiry.Automobile)
2018-08-09 21:50:20,621 INFO org.springframework.web.servlet.handler.AbstractHandlerMethodMapping$MappingRegistry [main] Mapped "{[/enquiry/localTour],methods=[POST],consumes=[application/json || application/xml],produces=[text/html]}" onto public org.springframework.http.ResponseEntity com.prime.enquiry.controller.EnquiryController.localTourPackages(com.nriprime.beans.enquiry.Tour)
2018-08-09 21:50:20,625 INFO org.springframework.web.servlet.handler.AbstractHandlerMethodMapping$MappingRegistry [main] Mapped "{[/enquiry/corporatePurchase],methods=[POST],consumes=[application/json || application/xml],produces=[text/html]}" onto public org.springframework.http.ResponseEntity com.prime.enquiry.controller.EnquiryController.corporatePurchase(com.nriprime.beans.enquiry.CorporatePurchase)
2018-08-09 21:50:20,625 INFO org.springframework.web.servlet.handler.AbstractHandlerMethodMapping$MappingRegistry [main] Mapped "{[/enquiry/womensTailoring],methods=[POST],consumes=[application/json || application/xml],produces=[text/html]}" onto public org.springframework.http.ResponseEntity com.prime.enquiry.controller.EnquiryController.womensTailoring(com.nriprime.beans.enquiry.WomensTailoring)
2018-08-09 21:50:20,625 INFO org.springframework.web.servlet.handler.AbstractHandlerMethodMapping$MappingRegistry [main] Mapped "{[/enquiry/jewellery],methods=[POST],consumes=[application/json || application/xml],produces=[text/html]}" onto public org.springframework.http.ResponseEntity com.prime.enquiry.controller.EnquiryController.goldJewellery(com.nriprime.beans.enquiry.Jewellery)
2018-08-09 21:50:20,625 INFO org.springframework.web.servlet.handler.AbstractHandlerMethodMapping$MappingRegistry [main] Mapped "{[/enquiry/itServices],methods=[POST],consumes=[application/json || application/xml],produces=[text/html]}" onto public org.springframework.http.ResponseEntity com.prime.enquiry.controller.EnquiryController.itServices(com.nriprime.beans.enquiry.ITServices)
2018-08-09 21:50:20,629 INFO org.springframework.web.servlet.handler.AbstractHandlerMethodMapping$MappingRegistry [main] Mapped "{[/enquiry/eventManagement],methods=[POST],consumes=[application/json || application/xml],produces=[text/html]}" onto public org.springframework.http.ResponseEntity com.prime.enquiry.controller.EnquiryController.eventManagement(com.nriprime.beans.enquiry.EventMangement)
2018-08-09 21:50:20,637 INFO org.springframework.web.servlet.handler.AbstractHandlerMethodMapping$MappingRegistry [main] Mapped "{[/enquiry/help],methods=[POST],consumes=[application/json || application/xml],produces=[text/html]}" onto public org.springframework.http.ResponseEntity com.prime.enquiry.controller.EnquiryController.helpInHyderabad(com.nriprime.beans.enquiry.Help)
2018-08-09 21:50:20,641 INFO org.springframework.web.servlet.handler.AbstractHandlerMethodMapping$MappingRegistry [main] Mapped "{[/enquiry/hotelStay],methods=[POST],consumes=[application/json || application/xml],produces=[text/html]}" onto public org.springframework.http.ResponseEntity com.prime.enquiry.controller.EnquiryController.hotelStay(com.nriprime.beans.enquiry.Hotel)
2018-08-09 21:50:20,641 INFO org.springframework.web.servlet.handler.AbstractHandlerMethodMapping$MappingRegistry [main] Mapped "{[/enquiry/cashForCreation],methods=[POST],consumes=[application/json || application/xml],produces=[text/html]}" onto public org.springframework.http.ResponseEntity com.prime.enquiry.controller.EnquiryController.cashForCreation(com.nriprime.beans.enquiry.Automobile)
2018-08-09 21:50:20,641 INFO org.springframework.web.servlet.handler.AbstractHandlerMethodMapping$MappingRegistry [main] Mapped "{[/enquiry/mensTailoring],methods=[POST],consumes=[application/json || application/xml],produces=[text/html]}" onto public org.springframework.http.ResponseEntity com.prime.enquiry.controller.EnquiryController.mensTailoring(com.nriprime.beans.enquiry.MensTailoring)
2018-08-09 21:50:20,641 INFO org.springframework.web.servlet.handler.AbstractHandlerMethodMapping$MappingRegistry [main] Mapped "{[/enquiry/bulkProduct],methods=[POST],consumes=[application/json || application/xml],produces=[text/html]}" onto public org.springframework.http.ResponseEntity com.prime.enquiry.controller.EnquiryController.bulkProduct(com.nriprime.beans.enquiry.BulkProduct)
2018-08-09 21:50:20,641 INFO org.springframework.web.servlet.handler.AbstractHandlerMethodMapping$MappingRegistry [main] Mapped "{[/enquiry/customProduct],methods=[POST],consumes=[application/json || application/xml],produces=[text/html]}" onto public org.springframework.http.ResponseEntity com.prime.enquiry.controller.EnquiryController.customProduct(com.nriprime.beans.enquiry.CustomProduct)
2018-08-09 21:50:20,641 INFO org.springframework.web.servlet.handler.AbstractHandlerMethodMapping$MappingRegistry [main] Mapped "{[/enquiry/automobileRepair],methods=[POST],consumes=[application/json || application/xml],produces=[text/html]}" onto public org.springframework.http.ResponseEntity com.prime.enquiry.controller.EnquiryController.automobileRepair(com.nriprime.beans.enquiry.AutomobileRepair)
2018-08-09 21:50:20,645 INFO org.springframework.web.servlet.handler.AbstractHandlerMethodMapping$MappingRegistry [main] Mapped "{[/enquiry/financialAdvice],methods=[POST],consumes=[application/json || application/xml],produces=[text/html]}" onto public org.springframework.http.ResponseEntity com.prime.enquiry.controller.EnquiryController.financialAdvice(com.nriprime.beans.enquiry.FinancialAdvice)
2018-08-09 21:50:20,645 INFO org.springframework.web.servlet.handler.AbstractHandlerMethodMapping$MappingRegistry [main] Mapped "{[/enquiry/secondOpinion],methods=[POST],consumes=[application/json || application/xml],produces=[text/html]}" onto public org.springframework.http.ResponseEntity com.prime.enquiry.controller.EnquiryController.secondOpinion(com.nriprime.beans.enquiry.SecondOpinion)
2018-08-09 21:50:20,645 INFO org.springframework.web.servlet.handler.AbstractHandlerMethodMapping$MappingRegistry [main] Mapped "{[/enquiry/realEstate],methods=[POST],consumes=[application/json || application/xml],produces=[text/html]}" onto public org.springframework.http.ResponseEntity com.prime.enquiry.controller.EnquiryController.realEstate(com.nriprime.beans.enquiry.RealEstate)
2018-08-09 21:50:20,645 INFO org.springframework.web.servlet.handler.AbstractHandlerMethodMapping$MappingRegistry [main] Mapped "{[/enquiry/templeEnquiry],methods=[POST],consumes=[application/json || application/xml],produces=[text/html]}" onto public org.springframework.http.ResponseEntity com.prime.enquiry.controller.EnquiryController.templeEnquiry(com.nriprime.beans.enquiry.Temple)
2018-08-09 21:50:20,657 INFO org.springframework.web.servlet.handler.AbstractHandlerMethodMapping$MappingRegistry [main] Mapped "{[/enquiry/purchase],methods=[POST],consumes=[application/json || application/xml],produces=[text/html]}" onto public org.springframework.http.ResponseEntity com.prime.enquiry.controller.EnquiryController.purchase(com.nriprime.beans.enquiry.Purchase)
2018-08-09 21:50:20,657 INFO org.springframework.web.servlet.handler.AbstractHandlerMethodMapping$MappingRegistry [main] Mapped "{[/enquiry/advertisement],methods=[POST],consumes=[application/json || application/xml],produces=[text/html]}" onto public org.springframework.http.ResponseEntity com.prime.enquiry.controller.EnquiryController.advertisement(com.nriprime.beans.enquiry.Advertisement)
2018-08-09 21:50:20,661 INFO org.springframework.web.servlet.handler.AbstractHandlerMethodMapping$MappingRegistry [main] Mapped "{[/enquiry/airLine],methods=[POST],consumes=[application/json || application/xml],produces=[text/html]}" onto public org.springframework.http.ResponseEntity com.prime.enquiry.controller.EnquiryController.airLine(com.nriprime.beans.enquiry.Automobile)
2018-08-09 21:50:20,661 INFO org.springframework.web.servlet.handler.AbstractHandlerMethodMapping$MappingRegistry [main] Mapped "{[/enquiry/vriPrinting],methods=[POST],consumes=[application/json || application/xml],produces=[text/html]}" onto public org.springframework.http.ResponseEntity com.prime.enquiry.controller.EnquiryController.vriPrinting(com.nriprime.beans.enquiry.VRNRI)
2018-08-09 21:50:20,661 INFO org.springframework.web.servlet.handler.AbstractHandlerMethodMapping$MappingRegistry [main] Mapped "{[/enquiry/printing],methods=[POST],consumes=[application/json || application/xml],produces=[text/html]}" onto public org.springframework.http.ResponseEntity com.prime.enquiry.controller.EnquiryController.printing(com.nriprime.beans.enquiry.Printing)
2018-08-09 21:50:20,661 INFO org.springframework.web.servlet.handler.AbstractHandlerMethodMapping$MappingRegistry [main] Mapped "{[/enquiry/courier],methods=[POST],consumes=[application/json || application/xml],produces=[text/html]}" onto public org.springframework.http.ResponseEntity com.prime.enquiry.controller.EnquiryController.courier(com.nriprime.beans.enquiry.Automobile)
2018-08-09 21:50:20,661 INFO org.springframework.web.servlet.handler.AbstractHandlerMethodMapping$MappingRegistry [main] Mapped "{[/enquiry/tax],methods=[POST],consumes=[application/json || application/xml],produces=[text/html]}" onto public org.springframework.http.ResponseEntity com.prime.enquiry.controller.EnquiryController.usTaxation(com.nriprime.beans.enquiry.Tax)
2018-08-09 21:50:20,661 INFO org.springframework.web.servlet.handler.AbstractHandlerMethodMapping$MappingRegistry [main] Mapped "{[/enquiry/general],methods=[POST],consumes=[application/json || application/xml],produces=[text/html]}" onto public org.springframework.http.ResponseEntity com.prime.enquiry.controller.EnquiryController.general(com.nriprime.beans.enquiry.General)
2018-08-09 21:50:20,677 INFO org.springframework.web.servlet.handler.AbstractHandlerMethodMapping$MappingRegistry [main] Mapped "{[/images/getImage/{name}],methods=[GET],produces=[application/octet-stream]}" onto public org.springframework.http.ResponseEntity<byte[]> com.prime.enquiry.controller.ImageController.getImage(java.lang.String) throws java.io.IOException
2018-08-09 21:50:20,681 INFO org.springframework.web.servlet.handler.AbstractHandlerMethodMapping$MappingRegistry [main] Mapped "{[/error]}" onto public org.springframework.http.ResponseEntity<java.util.Map<java.lang.String, java.lang.Object>> org.springframework.boot.autoconfigure.web.BasicErrorController.error(javax.servlet.http.HttpServletRequest)
2018-08-09 21:50:20,685 INFO org.springframework.web.servlet.handler.AbstractHandlerMethodMapping$MappingRegistry [main] Mapped "{[/error],produces=[text/html]}" onto public org.springframework.web.servlet.ModelAndView org.springframework.boot.autoconfigure.web.BasicErrorController.errorHtml(javax.servlet.http.HttpServletRequest,javax.servlet.http.HttpServletResponse)
2018-08-09 21:50:20,761 INFO org.springframework.web.servlet.handler.AbstractUrlHandlerMapping [main] Mapped URL path [/webjars/**] onto handler of type [class org.springframework.web.servlet.resource.ResourceHttpRequestHandler]
2018-08-09 21:50:20,761 INFO org.springframework.web.servlet.handler.AbstractUrlHandlerMapping [main] Mapped URL path [/**] onto handler of type [class org.springframework.web.servlet.resource.ResourceHttpRequestHandler]
2018-08-09 21:50:20,845 INFO org.springframework.web.servlet.handler.AbstractUrlHandlerMapping [main] Mapped URL path [/**/favicon.ico] onto handler of type [class org.springframework.web.servlet.resource.ResourceHttpRequestHandler]
2018-08-09 21:50:21,273 INFO org.springframework.boot.autoconfigure.security.AuthenticationManagerConfiguration$DefaultInMemoryUserDetailsManagerConfigurer [main] 

Using default security password: f5045460-d101-4210-9ab9-3fe9c76cf76c

2018-08-09 21:50:21,385 INFO org.springframework.security.web.DefaultSecurityFilterChain [main] Creating filter chain: OrRequestMatcher [requestMatchers=[Ant [pattern='/css/**'], Ant [pattern='/js/**'], Ant [pattern='/images/**'], Ant [pattern='/webjars/**'], Ant [pattern='/**/favicon.ico'], Ant [pattern='/error']]], []
2018-08-09 21:50:21,385 INFO org.springframework.security.web.DefaultSecurityFilterChain [main] Creating filter chain: Ant [pattern='/resources/**'], []
2018-08-09 21:50:21,529 INFO org.springframework.security.web.DefaultSecurityFilterChain [main] Creating filter chain: org.springframework.security.web.util.matcher.AnyRequestMatcher@1, [org.springframework.security.web.context.request.async.WebAsyncManagerIntegrationFilter@72283784, org.springframework.security.web.context.SecurityContextPersistenceFilter@420b55a4, org.springframework.security.web.header.HeaderWriterFilter@36328360, org.springframework.security.web.authentication.logout.LogoutFilter@72635a45, org.springframework.security.web.savedrequest.RequestCacheAwareFilter@7bd758bd, org.springframework.security.web.servletapi.SecurityContextHolderAwareRequestFilter@1093484a, org.springframework.security.web.authentication.AnonymousAuthenticationFilter@47bbf509, org.springframework.security.web.session.SessionManagementFilter@3b88dc5, org.springframework.security.web.access.ExceptionTranslationFilter@2e3f56bc, org.springframework.security.web.access.intercept.FilterSecurityInterceptor@15a7ecf6]
2018-08-09 21:50:21,557 INFO org.springframework.security.web.DefaultSecurityFilterChain [main] Creating filter chain: OrRequestMatcher [requestMatchers=[Ant [pattern='/**']]], [org.springframework.security.web.context.request.async.WebAsyncManagerIntegrationFilter@adcbc13, org.springframework.security.web.context.SecurityContextPersistenceFilter@2020c596, org.springframework.security.web.header.HeaderWriterFilter@395cdbaf, org.springframework.security.web.authentication.logout.LogoutFilter@4811ca03, org.springframework.security.web.authentication.www.BasicAuthenticationFilter@11958ad, org.springframework.security.web.savedrequest.RequestCacheAwareFilter@281760dc, org.springframework.security.web.servletapi.SecurityContextHolderAwareRequestFilter@77c947d2, org.springframework.security.web.authentication.AnonymousAuthenticationFilter@4195dc2d, org.springframework.security.web.session.SessionManagementFilter@2f94adc7, org.springframework.security.web.access.ExceptionTranslationFilter@40c91ed0, org.springframework.security.web.access.intercept.FilterSecurityInterceptor@35c07c84]
2018-08-09 21:50:21,773 INFO org.springframework.jmx.export.MBeanExporter [main] Registering beans for JMX exposure on startup
2018-08-09 21:50:21,805 INFO org.apache.juli.logging.DirectJDKLog [main] Initializing ProtocolHandler ["http-nio-8888"]
2018-08-09 21:50:21,825 INFO org.apache.juli.logging.DirectJDKLog [main] Starting ProtocolHandler ["http-nio-8888"]
2018-08-09 21:50:21,853 INFO org.apache.juli.logging.DirectJDKLog [main] Using a shared selector for servlet write/read
2018-08-09 21:50:21,913 INFO org.springframework.boot.context.embedded.tomcat.TomcatEmbeddedServletContainer [main] Tomcat started on port(s): 8888 (http)
2018-08-09 21:50:21,921 INFO org.springframework.boot.StartupInfoLogger [main] Started PrimeEnquiryApplication in 7.07 seconds (JVM running for 14.48)
2018-08-09 21:51:42,870 INFO org.apache.juli.logging.DirectJDKLog [http-nio-8888-exec-1] Initializing Spring FrameworkServlet 'dispatcherServlet'
2018-08-09 21:51:42,870 INFO org.springframework.web.servlet.FrameworkServlet [http-nio-8888-exec-1] FrameworkServlet 'dispatcherServlet': initialization started
2018-08-09 21:51:42,942 INFO org.springframework.web.servlet.FrameworkServlet [http-nio-8888-exec-1] FrameworkServlet 'dispatcherServlet': initialization completed in 72 ms
2018-08-09 21:51:43,352 INFO com.prime.enquiry.controller.EnquiryController [http-nio-8888-exec-1] processing automobile enquiry request  com.nriprime.beans.enquiry.Automobile@3dd60224
2018-08-09 22:01:50,431 INFO org.springframework.context.support.AbstractApplicationContext [Thread-3] Closing org.springframework.boot.context.embedded.AnnotationConfigEmbeddedWebApplicationContext@6ec87a23: startup date [Thu Aug 09 21:50:15 IST 2018]; root of context hierarchy
2018-08-09 22:01:50,475 INFO org.springframework.jmx.export.MBeanExporter [Thread-3] Unregistering JMX-exposed beans on shutdown
2018-08-09 22:02:17,914 INFO org.springframework.boot.StartupInfoLogger [main] Starting PrimeEnquiryApplication on venky-PC with PID 6540 (E:\eclipserepo\NRIPrimeApplication\prime-enquiry\target\classes started by venky in E:\eclipserepo\NRIPrimeApplication\prime-enquiry)
2018-08-09 22:02:17,918 DEBUG org.springframework.boot.StartupInfoLogger [main] Running with Spring Boot v1.5.6.RELEASE, Spring v4.3.10.RELEASE
2018-08-09 22:02:17,922 INFO org.springframework.boot.SpringApplication [main] No active profile set, falling back to default profiles: default
2018-08-09 22:02:18,042 INFO org.springframework.context.support.AbstractApplicationContext [main] Refreshing org.springframework.boot.context.embedded.AnnotationConfigEmbeddedWebApplicationContext@6be8ae97: startup date [Thu Aug 09 22:02:18 IST 2018]; root of context hierarchy
2018-08-09 22:02:19,279 INFO org.hibernate.validator.internal.util.Version [background-preinit] HV000001: Hibernate Validator 5.3.5.Final
2018-08-09 22:02:22,379 INFO org.springframework.boot.context.embedded.tomcat.TomcatEmbeddedServletContainer [main] Tomcat initialized with port(s): 8888 (http)
2018-08-09 22:02:22,416 INFO org.apache.juli.logging.DirectJDKLog [main] Starting service [Tomcat]
2018-08-09 22:02:22,420 INFO org.apache.juli.logging.DirectJDKLog [main] Starting Servlet Engine: Apache Tomcat/8.5.16
2018-08-09 22:02:23,486 INFO org.apache.juli.logging.DirectJDKLog [localhost-startStop-1] At least one JAR was scanned for TLDs yet contained no TLDs. Enable debug logging for this logger for a complete list of JARs that were scanned but no TLDs were found in them. Skipping unneeded JARs during scanning can improve startup time and JSP compilation time.
2018-08-09 22:02:23,502 INFO org.apache.juli.logging.DirectJDKLog [localhost-startStop-1] Initializing Spring embedded WebApplicationContext
2018-08-09 22:02:23,502 INFO org.springframework.boot.context.embedded.EmbeddedWebApplicationContext [localhost-startStop-1] Root WebApplicationContext: initialization completed in 5460 ms
2018-08-09 22:02:23,871 INFO org.springframework.boot.web.servlet.AbstractFilterRegistrationBean [localhost-startStop-1] Mapping filter: 'characterEncodingFilter' to: [/*]
2018-08-09 22:02:23,879 INFO org.springframework.boot.web.servlet.AbstractFilterRegistrationBean [localhost-startStop-1] Mapping filter: 'hiddenHttpMethodFilter' to: [/*]
2018-08-09 22:02:23,883 INFO org.springframework.boot.web.servlet.AbstractFilterRegistrationBean [localhost-startStop-1] Mapping filter: 'httpPutFormContentFilter' to: [/*]
2018-08-09 22:02:23,883 INFO org.springframework.boot.web.servlet.AbstractFilterRegistrationBean [localhost-startStop-1] Mapping filter: 'requestContextFilter' to: [/*]
2018-08-09 22:02:23,883 INFO org.springframework.boot.web.servlet.AbstractFilterRegistrationBean [localhost-startStop-1] Mapping filter: 'springSecurityFilterChain' to: [/*]
2018-08-09 22:02:23,887 INFO org.springframework.boot.web.servlet.ServletRegistrationBean [localhost-startStop-1] Mapping servlet: 'dispatcherServlet' to [/]
2018-08-09 22:02:24,891 INFO org.springframework.web.servlet.mvc.method.annotation.RequestMappingHandlerAdapter [main] Looking for @ControllerAdvice: org.springframework.boot.context.embedded.AnnotationConfigEmbeddedWebApplicationContext@6be8ae97: startup date [Thu Aug 09 22:02:18 IST 2018]; root of context hierarchy
2018-08-09 22:02:25,079 INFO org.springframework.web.servlet.handler.AbstractHandlerMethodMapping$MappingRegistry [main] Mapped "{[/enquiry/advertisement],methods=[POST],consumes=[application/json || application/xml],produces=[text/html]}" onto public org.springframework.http.ResponseEntity com.prime.enquiry.controller.EnquiryController.advertisement(com.nriprime.beans.enquiry.Advertisement)
2018-08-09 22:02:25,083 INFO org.springframework.web.servlet.handler.AbstractHandlerMethodMapping$MappingRegistry [main] Mapped "{[/enquiry/courier],methods=[POST],consumes=[application/json || application/xml],produces=[text/html]}" onto public org.springframework.http.ResponseEntity com.prime.enquiry.controller.EnquiryController.courier(com.nriprime.beans.enquiry.Automobile)
2018-08-09 22:02:25,083 INFO org.springframework.web.servlet.handler.AbstractHandlerMethodMapping$MappingRegistry [main] Mapped "{[/enquiry/printing],methods=[POST],consumes=[application/json || application/xml],produces=[text/html]}" onto public org.springframework.http.ResponseEntity com.prime.enquiry.controller.EnquiryController.printing(com.nriprime.beans.enquiry.Printing)
2018-08-09 22:02:25,083 INFO org.springframework.web.servlet.handler.AbstractHandlerMethodMapping$MappingRegistry [main] Mapped "{[/enquiry/purchase],methods=[POST],consumes=[application/json || application/xml],produces=[text/html]}" onto public org.springframework.http.ResponseEntity com.prime.enquiry.controller.EnquiryController.purchase(com.nriprime.beans.enquiry.Purchase)
2018-08-09 22:02:25,087 INFO org.springframework.web.servlet.handler.AbstractHandlerMethodMapping$MappingRegistry [main] Mapped "{[/enquiry/secondOpinion],methods=[POST],consumes=[application/json || application/xml],produces=[text/html]}" onto public org.springframework.http.ResponseEntity com.prime.enquiry.controller.EnquiryController.secondOpinion(com.nriprime.beans.enquiry.SecondOpinion)
2018-08-09 22:02:25,087 INFO org.springframework.web.servlet.handler.AbstractHandlerMethodMapping$MappingRegistry [main] Mapped "{[/enquiry/templeEnquiry],methods=[POST],consumes=[application/json || application/xml],produces=[text/html]}" onto public org.springframework.http.ResponseEntity com.prime.enquiry.controller.EnquiryController.templeEnquiry(com.nriprime.beans.enquiry.Temple)
2018-08-09 22:02:25,091 INFO org.springframework.web.servlet.handler.AbstractHandlerMethodMapping$MappingRegistry [main] Mapped "{[/enquiry/realEstate],methods=[POST],consumes=[application/json || application/xml],produces=[text/html]}" onto public org.springframework.http.ResponseEntity com.prime.enquiry.controller.EnquiryController.realEstate(com.nriprime.beans.enquiry.RealEstate)
2018-08-09 22:02:25,091 INFO org.springframework.web.servlet.handler.AbstractHandlerMethodMapping$MappingRegistry [main] Mapped "{[/enquiry/vriPrinting],methods=[POST],consumes=[application/json || application/xml],produces=[text/html]}" onto public org.springframework.http.ResponseEntity com.prime.enquiry.controller.EnquiryController.vriPrinting(com.nriprime.beans.enquiry.VRNRI)
2018-08-09 22:02:25,091 INFO org.springframework.web.servlet.handler.AbstractHandlerMethodMapping$MappingRegistry [main] Mapped "{[/enquiry/tax],methods=[POST],consumes=[application/json || application/xml],produces=[text/html]}" onto public org.springframework.http.ResponseEntity com.prime.enquiry.controller.EnquiryController.usTaxation(com.nriprime.beans.enquiry.Tax)
2018-08-09 22:02:25,091 INFO org.springframework.web.servlet.handler.AbstractHandlerMethodMapping$MappingRegistry [main] Mapped "{[/enquiry/airLine],methods=[POST],consumes=[application/json || application/xml],produces=[text/html]}" onto public org.springframework.http.ResponseEntity com.prime.enquiry.controller.EnquiryController.airLine(com.nriprime.beans.enquiry.Automobile)
2018-08-09 22:02:25,103 INFO org.springframework.web.servlet.handler.AbstractHandlerMethodMapping$MappingRegistry [main] Mapped "{[/enquiry/automobile],methods=[POST],consumes=[application/json || application/xml],produces=[text/html]}" onto public org.springframework.http.ResponseEntity com.prime.enquiry.controller.EnquiryController.automobileEnquiry(com.nriprime.beans.enquiry.Automobile)
2018-08-09 22:02:25,103 INFO org.springframework.web.servlet.handler.AbstractHandlerMethodMapping$MappingRegistry [main] Mapped "{[/enquiry/localTour],methods=[POST],consumes=[application/json || application/xml],produces=[text/html]}" onto public org.springframework.http.ResponseEntity com.prime.enquiry.controller.EnquiryController.localTourPackages(com.nriprime.beans.enquiry.Tour)
2018-08-09 22:02:25,103 INFO org.springframework.web.servlet.handler.AbstractHandlerMethodMapping$MappingRegistry [main] Mapped "{[/enquiry/corporatePurchase],methods=[POST],consumes=[application/json || application/xml],produces=[text/html]}" onto public org.springframework.http.ResponseEntity com.prime.enquiry.controller.EnquiryController.corporatePurchase(com.nriprime.beans.enquiry.CorporatePurchase)
2018-08-09 22:02:25,103 INFO org.springframework.web.servlet.handler.AbstractHandlerMethodMapping$MappingRegistry [main] Mapped "{[/enquiry/automobileRepair],methods=[POST],consumes=[application/json || application/xml],produces=[text/html]}" onto public org.springframework.http.ResponseEntity com.prime.enquiry.controller.EnquiryController.automobileRepair(com.nriprime.beans.enquiry.AutomobileRepair)
2018-08-09 22:02:25,107 INFO org.springframework.web.servlet.handler.AbstractHandlerMethodMapping$MappingRegistry [main] Mapped "{[/enquiry/financialAdvice],methods=[POST],consumes=[application/json || application/xml],produces=[text/html]}" onto public org.springframework.http.ResponseEntity com.prime.enquiry.controller.EnquiryController.financialAdvice(com.nriprime.beans.enquiry.FinancialAdvice)
2018-08-09 22:02:25,107 INFO org.springframework.web.servlet.handler.AbstractHandlerMethodMapping$MappingRegistry [main] Mapped "{[/enquiry/eventManagement],methods=[POST],consumes=[application/json || application/xml],produces=[text/html]}" onto public org.springframework.http.ResponseEntity com.prime.enquiry.controller.EnquiryController.eventManagement(com.nriprime.beans.enquiry.EventMangement)
2018-08-09 22:02:25,111 INFO org.springframework.web.servlet.handler.AbstractHandlerMethodMapping$MappingRegistry [main] Mapped "{[/enquiry/womensTailoring],methods=[POST],consumes=[application/json || application/xml],produces=[text/html]}" onto public org.springframework.http.ResponseEntity com.prime.enquiry.controller.EnquiryController.womensTailoring(com.nriprime.beans.enquiry.WomensTailoring)
2018-08-09 22:02:25,115 INFO org.springframework.web.servlet.handler.AbstractHandlerMethodMapping$MappingRegistry [main] Mapped "{[/enquiry/jewellery],methods=[POST],consumes=[application/json || application/xml],produces=[text/html]}" onto public org.springframework.http.ResponseEntity com.prime.enquiry.controller.EnquiryController.goldJewellery(com.nriprime.beans.enquiry.Jewellery)
2018-08-09 22:02:25,119 INFO org.springframework.web.servlet.handler.AbstractHandlerMethodMapping$MappingRegistry [main] Mapped "{[/enquiry/help],methods=[POST],consumes=[application/json || application/xml],produces=[text/html]}" onto public org.springframework.http.ResponseEntity com.prime.enquiry.controller.EnquiryController.helpInHyderabad(com.nriprime.beans.enquiry.Help)
2018-08-09 22:02:25,119 INFO org.springframework.web.servlet.handler.AbstractHandlerMethodMapping$MappingRegistry [main] Mapped "{[/enquiry/cashForCreation],methods=[POST],consumes=[application/json || application/xml],produces=[text/html]}" onto public org.springframework.http.ResponseEntity com.prime.enquiry.controller.EnquiryController.cashForCreation(com.nriprime.beans.enquiry.Automobile)
2018-08-09 22:02:25,119 INFO org.springframework.web.servlet.handler.AbstractHandlerMethodMapping$MappingRegistry [main] Mapped "{[/enquiry/bulkProduct],methods=[POST],consumes=[application/json || application/xml],produces=[text/html]}" onto public org.springframework.http.ResponseEntity com.prime.enquiry.controller.EnquiryController.bulkProduct(com.nriprime.beans.enquiry.BulkProduct)
2018-08-09 22:02:25,119 INFO org.springframework.web.servlet.handler.AbstractHandlerMethodMapping$MappingRegistry [main] Mapped "{[/enquiry/hotelStay],methods=[POST],consumes=[application/json || application/xml],produces=[text/html]}" onto public org.springframework.http.ResponseEntity com.prime.enquiry.controller.EnquiryController.hotelStay(com.nriprime.beans.enquiry.Hotel)
2018-08-09 22:02:25,123 INFO org.springframework.web.servlet.handler.AbstractHandlerMethodMapping$MappingRegistry [main] Mapped "{[/enquiry/customProduct],methods=[POST],consumes=[application/json || application/xml],produces=[text/html]}" onto public org.springframework.http.ResponseEntity com.prime.enquiry.controller.EnquiryController.customProduct(com.nriprime.beans.enquiry.CustomProduct)
2018-08-09 22:02:25,123 INFO org.springframework.web.servlet.handler.AbstractHandlerMethodMapping$MappingRegistry [main] Mapped "{[/enquiry/mensTailoring],methods=[POST],consumes=[application/json || application/xml],produces=[text/html]}" onto public org.springframework.http.ResponseEntity com.prime.enquiry.controller.EnquiryController.mensTailoring(com.nriprime.beans.enquiry.MensTailoring)
2018-08-09 22:02:25,131 INFO org.springframework.web.servlet.handler.AbstractHandlerMethodMapping$MappingRegistry [main] Mapped "{[/enquiry/itServices],methods=[POST],consumes=[application/json || application/xml],produces=[text/html]}" onto public org.springframework.http.ResponseEntity com.prime.enquiry.controller.EnquiryController.itServices(com.nriprime.beans.enquiry.ITServices)
2018-08-09 22:02:25,135 INFO org.springframework.web.servlet.handler.AbstractHandlerMethodMapping$MappingRegistry [main] Mapped "{[/enquiry/general],methods=[POST],consumes=[application/json || application/xml],produces=[text/html]}" onto public org.springframework.http.ResponseEntity com.prime.enquiry.controller.EnquiryController.general(com.nriprime.beans.enquiry.General)
2018-08-09 22:02:25,139 INFO org.springframework.web.servlet.handler.AbstractHandlerMethodMapping$MappingRegistry [main] Mapped "{[/images/getImage/{name}],methods=[GET],produces=[application/octet-stream]}" onto public org.springframework.http.ResponseEntity<byte[]> com.prime.enquiry.controller.ImageController.getImage(java.lang.String) throws java.io.IOException
2018-08-09 22:02:25,147 INFO org.springframework.web.servlet.handler.AbstractHandlerMethodMapping$MappingRegistry [main] Mapped "{[/error]}" onto public org.springframework.http.ResponseEntity<java.util.Map<java.lang.String, java.lang.Object>> org.springframework.boot.autoconfigure.web.BasicErrorController.error(javax.servlet.http.HttpServletRequest)
2018-08-09 22:02:25,147 INFO org.springframework.web.servlet.handler.AbstractHandlerMethodMapping$MappingRegistry [main] Mapped "{[/error],produces=[text/html]}" onto public org.springframework.web.servlet.ModelAndView org.springframework.boot.autoconfigure.web.BasicErrorController.errorHtml(javax.servlet.http.HttpServletRequest,javax.servlet.http.HttpServletResponse)
2018-08-09 22:02:25,215 INFO org.springframework.web.servlet.handler.AbstractUrlHandlerMapping [main] Mapped URL path [/webjars/**] onto handler of type [class org.springframework.web.servlet.resource.ResourceHttpRequestHandler]
2018-08-09 22:02:25,219 INFO org.springframework.web.servlet.handler.AbstractUrlHandlerMapping [main] Mapped URL path [/**] onto handler of type [class org.springframework.web.servlet.resource.ResourceHttpRequestHandler]
2018-08-09 22:02:25,291 INFO org.springframework.web.servlet.handler.AbstractUrlHandlerMapping [main] Mapped URL path [/**/favicon.ico] onto handler of type [class org.springframework.web.servlet.resource.ResourceHttpRequestHandler]
2018-08-09 22:02:25,681 INFO org.springframework.boot.autoconfigure.security.AuthenticationManagerConfiguration$DefaultInMemoryUserDetailsManagerConfigurer [main] 

Using default security password: 9624a060-288b-4ffd-8827-d2e7bc835562

2018-08-09 22:02:25,775 INFO org.springframework.security.web.DefaultSecurityFilterChain [main] Creating filter chain: OrRequestMatcher [requestMatchers=[Ant [pattern='/css/**'], Ant [pattern='/js/**'], Ant [pattern='/images/**'], Ant [pattern='/webjars/**'], Ant [pattern='/**/favicon.ico'], Ant [pattern='/error']]], []
2018-08-09 22:02:25,775 INFO org.springframework.security.web.DefaultSecurityFilterChain [main] Creating filter chain: Ant [pattern='/resources/**'], []
2018-08-09 22:02:25,911 INFO org.springframework.security.web.DefaultSecurityFilterChain [main] Creating filter chain: org.springframework.security.web.util.matcher.AnyRequestMatcher@1, [org.springframework.security.web.context.request.async.WebAsyncManagerIntegrationFilter@76d2c296, org.springframework.security.web.context.SecurityContextPersistenceFilter@4ec7b764, org.springframework.security.web.header.HeaderWriterFilter@73747ae3, org.springframework.security.web.authentication.logout.LogoutFilter@45484a88, org.springframework.security.web.savedrequest.RequestCacheAwareFilter@4006c6e3, org.springframework.security.web.servletapi.SecurityContextHolderAwareRequestFilter@17902732, org.springframework.security.web.authentication.AnonymousAuthenticationFilter@41246b99, org.springframework.security.web.session.SessionManagementFilter@1e85a37, org.springframework.security.web.access.ExceptionTranslationFilter@46befdc, org.springframework.security.web.access.intercept.FilterSecurityInterceptor@46d24047]
2018-08-09 22:02:25,943 INFO org.springframework.security.web.DefaultSecurityFilterChain [main] Creating filter chain: OrRequestMatcher [requestMatchers=[Ant [pattern='/**']]], [org.springframework.security.web.context.request.async.WebAsyncManagerIntegrationFilter@24f4de40, org.springframework.security.web.context.SecurityContextPersistenceFilter@47154baa, org.springframework.security.web.header.HeaderWriterFilter@57c30fbe, org.springframework.security.web.authentication.logout.LogoutFilter@7b3986e, org.springframework.security.web.authentication.www.BasicAuthenticationFilter@5f950c54, org.springframework.security.web.savedrequest.RequestCacheAwareFilter@61f41637, org.springframework.security.web.servletapi.SecurityContextHolderAwareRequestFilter@2e855b48, org.springframework.security.web.authentication.AnonymousAuthenticationFilter@27fdadb5, org.springframework.security.web.session.SessionManagementFilter@545a290b, org.springframework.security.web.access.ExceptionTranslationFilter@114ea7d, org.springframework.security.web.access.intercept.FilterSecurityInterceptor@52b16dbe]
2018-08-09 22:02:26,183 INFO org.springframework.jmx.export.MBeanExporter [main] Registering beans for JMX exposure on startup
2018-08-09 22:02:26,219 INFO org.apache.juli.logging.DirectJDKLog [main] Initializing ProtocolHandler ["http-nio-8888"]
2018-08-09 22:02:26,243 INFO org.apache.juli.logging.DirectJDKLog [main] Starting ProtocolHandler ["http-nio-8888"]
2018-08-09 22:02:26,322 INFO org.apache.juli.logging.DirectJDKLog [main] Using a shared selector for servlet write/read
2018-08-09 22:02:26,389 INFO org.springframework.boot.context.embedded.tomcat.TomcatEmbeddedServletContainer [main] Tomcat started on port(s): 8888 (http)
2018-08-09 22:02:26,397 INFO org.springframework.boot.StartupInfoLogger [main] Started PrimeEnquiryApplication in 9.361 seconds (JVM running for 28.426)
2018-08-09 22:02:37,215 INFO org.apache.juli.logging.DirectJDKLog [http-nio-8888-exec-1] Initializing Spring FrameworkServlet 'dispatcherServlet'
2018-08-09 22:02:37,215 INFO org.springframework.web.servlet.FrameworkServlet [http-nio-8888-exec-1] FrameworkServlet 'dispatcherServlet': initialization started
2018-08-09 22:02:37,267 INFO org.springframework.web.servlet.FrameworkServlet [http-nio-8888-exec-1] FrameworkServlet 'dispatcherServlet': initialization completed in 48 ms
2018-08-09 22:02:37,495 INFO com.prime.enquiry.controller.EnquiryController [http-nio-8888-exec-1] processing automobile enquiry request  com.nriprime.beans.enquiry.Automobile@72885c85
2018-08-09 22:02:37,731 INFO com.prime.enquiry.mail.PrimeMailServiceImpl [http-nio-8888-exec-1] Preparing to send Automobile Enquiiry start
2018-08-09 22:05:49,143 INFO com.prime.enquiry.controller.EnquiryController [http-nio-8888-exec-3] processing automobile enquiry request  com.nriprime.beans.enquiry.Automobile@3034b458
2018-08-09 22:05:49,163 INFO com.prime.enquiry.mail.PrimeMailServiceImpl [http-nio-8888-exec-3] Preparing to send Automobile Enquiiry start
2018-08-09 22:06:10,261 ERROR com.prime.enquiry.mail.PrimeMailServiceImpl [http-nio-8888-exec-3] Error during sendingEmailMail server connection failed; nested exception is javax.mail.MessagingException: Could not connect to SMTP host: smtp.gmail.com, port: 587, response: 421. Failed messages: javax.mail.MessagingException: Could not connect to SMTP host: smtp.gmail.com, port: 587, response: 421
org.springframework.mail.MailSendException: Mail server connection failed; nested exception is javax.mail.MessagingException: Could not connect to SMTP host: smtp.gmail.com, port: 587, response: 421. Failed messages: javax.mail.MessagingException: Could not connect to SMTP host: smtp.gmail.com, port: 587, response: 421
	at org.springframework.mail.javamail.JavaMailSenderImpl.doSend(JavaMailSenderImpl.java:432)
	at org.springframework.mail.javamail.JavaMailSenderImpl.send(JavaMailSenderImpl.java:345)
	at org.springframework.mail.javamail.JavaMailSenderImpl.send(JavaMailSenderImpl.java:340)
	at com.prime.enquiry.mail.PrimeMailServiceImpl.sendMail(PrimeMailServiceImpl.java:30)
	at com.prime.enquiry.controller.EnquiryController.automobileEnquiry(EnquiryController.java:66)
	at sun.reflect.NativeMethodAccessorImpl.invoke0(Native Method)
	at sun.reflect.NativeMethodAccessorImpl.invoke(NativeMethodAccessorImpl.java:62)
	at sun.reflect.DelegatingMethodAccessorImpl.invoke(DelegatingMethodAccessorImpl.java:43)
	at java.lang.reflect.Method.invoke(Method.java:498)
	at org.springframework.web.method.support.InvocableHandlerMethod.doInvoke(InvocableHandlerMethod.java:205)
	at org.springframework.web.method.support.InvocableHandlerMethod.invokeForRequest(InvocableHandlerMethod.java:133)
	at org.springframework.web.servlet.mvc.method.annotation.ServletInvocableHandlerMethod.invokeAndHandle(ServletInvocableHandlerMethod.java:97)
	at org.springframework.web.servlet.mvc.method.annotation.RequestMappingHandlerAdapter.invokeHandlerMethod(RequestMappingHandlerAdapter.java:827)
	at org.springframework.web.servlet.mvc.method.annotation.RequestMappingHandlerAdapter.handleInternal(RequestMappingHandlerAdapter.java:738)
	at org.springframework.web.servlet.mvc.method.AbstractHandlerMethodAdapter.handle(AbstractHandlerMethodAdapter.java:85)
	at org.springframework.web.servlet.DispatcherServlet.doDispatch(DispatcherServlet.java:967)
	at org.springframework.web.servlet.DispatcherServlet.doService(DispatcherServlet.java:901)
	at org.springframework.web.servlet.FrameworkServlet.processRequest(FrameworkServlet.java:970)
	at org.springframework.web.servlet.FrameworkServlet.doPost(FrameworkServlet.java:872)
	at javax.servlet.http.HttpServlet.service(HttpServlet.java:661)
	at org.springframework.web.servlet.FrameworkServlet.service(FrameworkServlet.java:846)
	at javax.servlet.http.HttpServlet.service(HttpServlet.java:742)
	at org.apache.catalina.core.ApplicationFilterChain.internalDoFilter(ApplicationFilterChain.java:231)
	at org.apache.catalina.core.ApplicationFilterChain.doFilter(ApplicationFilterChain.java:166)
	at org.apache.tomcat.websocket.server.WsFilter.doFilter(WsFilter.java:52)
	at org.apache.catalina.core.ApplicationFilterChain.internalDoFilter(ApplicationFilterChain.java:193)
	at org.apache.catalina.core.ApplicationFilterChain.doFilter(ApplicationFilterChain.java:166)
	at org.springframework.security.web.FilterChainProxy$VirtualFilterChain.doFilter(FilterChainProxy.java:317)
	at org.springframework.security.web.access.intercept.FilterSecurityInterceptor.invoke(FilterSecurityInterceptor.java:127)
	at org.springframework.security.web.access.intercept.FilterSecurityInterceptor.doFilter(FilterSecurityInterceptor.java:91)
	at org.springframework.security.web.FilterChainProxy$VirtualFilterChain.doFilter(FilterChainProxy.java:331)
	at org.springframework.security.web.access.ExceptionTranslationFilter.doFilter(ExceptionTranslationFilter.java:114)
	at org.springframework.security.web.FilterChainProxy$VirtualFilterChain.doFilter(FilterChainProxy.java:331)
	at org.springframework.security.web.session.SessionManagementFilter.doFilter(SessionManagementFilter.java:137)
	at org.springframework.security.web.FilterChainProxy$VirtualFilterChain.doFilter(FilterChainProxy.java:331)
	at org.springframework.security.web.authentication.AnonymousAuthenticationFilter.doFilter(AnonymousAuthenticationFilter.java:111)
	at org.springframework.security.web.FilterChainProxy$VirtualFilterChain.doFilter(FilterChainProxy.java:331)
	at org.springframework.security.web.servletapi.SecurityContextHolderAwareRequestFilter.doFilter(SecurityContextHolderAwareRequestFilter.java:170)
	at org.springframework.security.web.FilterChainProxy$VirtualFilterChain.doFilter(FilterChainProxy.java:331)
	at org.springframework.security.web.savedrequest.RequestCacheAwareFilter.doFilter(RequestCacheAwareFilter.java:63)
	at org.springframework.security.web.FilterChainProxy$VirtualFilterChain.doFilter(FilterChainProxy.java:331)
	at org.springframework.security.web.authentication.logout.LogoutFilter.doFilter(LogoutFilter.java:116)
	at org.springframework.security.web.FilterChainProxy$VirtualFilterChain.doFilter(FilterChainProxy.java:331)
	at org.springframework.security.web.header.HeaderWriterFilter.doFilterInternal(HeaderWriterFilter.java:64)
	at org.springframework.web.filter.OncePerRequestFilter.doFilter(OncePerRequestFilter.java:107)
	at org.springframework.security.web.FilterChainProxy$VirtualFilterChain.doFilter(FilterChainProxy.java:331)
	at org.springframework.security.web.context.SecurityContextPersistenceFilter.doFilter(SecurityContextPersistenceFilter.java:105)
	at org.springframework.security.web.FilterChainProxy$VirtualFilterChain.doFilter(FilterChainProxy.java:331)
	at org.springframework.security.web.context.request.async.WebAsyncManagerIntegrationFilter.doFilterInternal(WebAsyncManagerIntegrationFilter.java:56)
	at org.springframework.web.filter.OncePerRequestFilter.doFilter(OncePerRequestFilter.java:107)
	at org.springframework.security.web.FilterChainProxy$VirtualFilterChain.doFilter(FilterChainProxy.java:331)
	at org.springframework.security.web.FilterChainProxy.doFilterInternal(FilterChainProxy.java:214)
	at org.springframework.security.web.FilterChainProxy.doFilter(FilterChainProxy.java:177)
	at org.springframework.web.filter.DelegatingFilterProxy.invokeDelegate(DelegatingFilterProxy.java:346)
	at org.springframework.web.filter.DelegatingFilterProxy.doFilter(DelegatingFilterProxy.java:262)
	at org.apache.catalina.core.ApplicationFilterChain.internalDoFilter(ApplicationFilterChain.java:193)
	at org.apache.catalina.core.ApplicationFilterChain.doFilter(ApplicationFilterChain.java:166)
	at org.springframework.web.filter.RequestContextFilter.doFilterInternal(RequestContextFilter.java:99)
	at org.springframework.web.filter.OncePerRequestFilter.doFilter(OncePerRequestFilter.java:107)
	at org.apache.catalina.core.ApplicationFilterChain.internalDoFilter(ApplicationFilterChain.java:193)
	at org.apache.catalina.core.ApplicationFilterChain.doFilter(ApplicationFilterChain.java:166)
	at org.springframework.web.filter.HttpPutFormContentFilter.doFilterInternal(HttpPutFormContentFilter.java:105)
	at org.springframework.web.filter.OncePerRequestFilter.doFilter(OncePerRequestFilter.java:107)
	at org.apache.catalina.core.ApplicationFilterChain.internalDoFilter(ApplicationFilterChain.java:193)
	at org.apache.catalina.core.ApplicationFilterChain.doFilter(ApplicationFilterChain.java:166)
	at org.springframework.web.filter.HiddenHttpMethodFilter.doFilterInternal(HiddenHttpMethodFilter.java:81)
	at org.springframework.web.filter.OncePerRequestFilter.doFilter(OncePerRequestFilter.java:107)
	at org.apache.catalina.core.ApplicationFilterChain.internalDoFilter(ApplicationFilterChain.java:193)
	at org.apache.catalina.core.ApplicationFilterChain.doFilter(ApplicationFilterChain.java:166)
	at org.springframework.web.filter.CharacterEncodingFilter.doFilterInternal(CharacterEncodingFilter.java:197)
	at org.springframework.web.filter.OncePerRequestFilter.doFilter(OncePerRequestFilter.java:107)
	at org.apache.catalina.core.ApplicationFilterChain.internalDoFilter(ApplicationFilterChain.java:193)
	at org.apache.catalina.core.ApplicationFilterChain.doFilter(ApplicationFilterChain.java:166)
	at org.apache.catalina.core.StandardWrapperValve.invoke(StandardWrapperValve.java:198)
	at org.apache.catalina.core.StandardContextValve.invoke(StandardContextValve.java:96)
	at org.apache.catalina.authenticator.AuthenticatorBase.invoke(AuthenticatorBase.java:478)
	at org.apache.catalina.core.StandardHostValve.invoke(StandardHostValve.java:140)
	at org.apache.catalina.valves.ErrorReportValve.invoke(ErrorReportValve.java:80)
	at org.apache.catalina.core.StandardEngineValve.invoke(StandardEngineValve.java:87)
	at org.apache.catalina.connector.CoyoteAdapter.service(CoyoteAdapter.java:342)
	at org.apache.coyote.http11.Http11Processor.service(Http11Processor.java:799)
	at org.apache.coyote.AbstractProcessorLight.process(AbstractProcessorLight.java:66)
	at org.apache.coyote.AbstractProtocol$ConnectionHandler.process(AbstractProtocol.java:868)
	at org.apache.tomcat.util.net.NioEndpoint$SocketProcessor.doRun(NioEndpoint.java:1455)
	at org.apache.tomcat.util.net.SocketProcessorBase.run(SocketProcessorBase.java:49)
	at java.util.concurrent.ThreadPoolExecutor.runWorker(ThreadPoolExecutor.java:1142)
	at java.util.concurrent.ThreadPoolExecutor$Worker.run(ThreadPoolExecutor.java:617)
	at org.apache.tomcat.util.threads.TaskThread$WrappingRunnable.run(TaskThread.java:61)
	at java.lang.Thread.run(Thread.java:745)
Caused by: javax.mail.MessagingException: Could not connect to SMTP host: smtp.gmail.com, port: 587, response: 421
	at com.sun.mail.smtp.SMTPTransport.openServer(SMTPTransport.java:2106)
	at com.sun.mail.smtp.SMTPTransport.protocolConnect(SMTPTransport.java:712)
	at javax.mail.Service.connect(Service.java:366)
	at org.springframework.mail.javamail.JavaMailSenderImpl.connectTransport(JavaMailSenderImpl.java:501)
	at org.springframework.mail.javamail.JavaMailSenderImpl.doSend(JavaMailSenderImpl.java:421)
	... 88 common frames omitted
2018-08-09 22:06:18,819 ERROR com.prime.enquiry.mail.PrimeMailServiceImpl [http-nio-8888-exec-1] Error during sendingEmailMail server connection failed; nested exception is javax.mail.MessagingException: [EOF]. Failed messages: javax.mail.MessagingException: [EOF]
org.springframework.mail.MailSendException: Mail server connection failed; nested exception is javax.mail.MessagingException: [EOF]. Failed messages: javax.mail.MessagingException: [EOF]
	at org.springframework.mail.javamail.JavaMailSenderImpl.doSend(JavaMailSenderImpl.java:432)
	at org.springframework.mail.javamail.JavaMailSenderImpl.send(JavaMailSenderImpl.java:345)
	at org.springframework.mail.javamail.JavaMailSenderImpl.send(JavaMailSenderImpl.java:340)
	at com.prime.enquiry.mail.PrimeMailServiceImpl.sendMail(PrimeMailServiceImpl.java:30)
	at com.prime.enquiry.controller.EnquiryController.automobileEnquiry(EnquiryController.java:66)
	at sun.reflect.NativeMethodAccessorImpl.invoke0(Native Method)
	at sun.reflect.NativeMethodAccessorImpl.invoke(NativeMethodAccessorImpl.java:62)
	at sun.reflect.DelegatingMethodAccessorImpl.invoke(DelegatingMethodAccessorImpl.java:43)
	at java.lang.reflect.Method.invoke(Method.java:498)
	at org.springframework.web.method.support.InvocableHandlerMethod.doInvoke(InvocableHandlerMethod.java:205)
	at org.springframework.web.method.support.InvocableHandlerMethod.invokeForRequest(InvocableHandlerMethod.java:133)
	at org.springframework.web.servlet.mvc.method.annotation.ServletInvocableHandlerMethod.invokeAndHandle(ServletInvocableHandlerMethod.java:97)
	at org.springframework.web.servlet.mvc.method.annotation.RequestMappingHandlerAdapter.invokeHandlerMethod(RequestMappingHandlerAdapter.java:827)
	at org.springframework.web.servlet.mvc.method.annotation.RequestMappingHandlerAdapter.handleInternal(RequestMappingHandlerAdapter.java:738)
	at org.springframework.web.servlet.mvc.method.AbstractHandlerMethodAdapter.handle(AbstractHandlerMethodAdapter.java:85)
	at org.springframework.web.servlet.DispatcherServlet.doDispatch(DispatcherServlet.java:967)
	at org.springframework.web.servlet.DispatcherServlet.doService(DispatcherServlet.java:901)
	at org.springframework.web.servlet.FrameworkServlet.processRequest(FrameworkServlet.java:970)
	at org.springframework.web.servlet.FrameworkServlet.doPost(FrameworkServlet.java:872)
	at javax.servlet.http.HttpServlet.service(HttpServlet.java:661)
	at org.springframework.web.servlet.FrameworkServlet.service(FrameworkServlet.java:846)
	at javax.servlet.http.HttpServlet.service(HttpServlet.java:742)
	at org.apache.catalina.core.ApplicationFilterChain.internalDoFilter(ApplicationFilterChain.java:231)
	at org.apache.catalina.core.ApplicationFilterChain.doFilter(ApplicationFilterChain.java:166)
	at org.apache.tomcat.websocket.server.WsFilter.doFilter(WsFilter.java:52)
	at org.apache.catalina.core.ApplicationFilterChain.internalDoFilter(ApplicationFilterChain.java:193)
	at org.apache.catalina.core.ApplicationFilterChain.doFilter(ApplicationFilterChain.java:166)
	at org.springframework.security.web.FilterChainProxy$VirtualFilterChain.doFilter(FilterChainProxy.java:317)
	at org.springframework.security.web.access.intercept.FilterSecurityInterceptor.invoke(FilterSecurityInterceptor.java:127)
	at org.springframework.security.web.access.intercept.FilterSecurityInterceptor.doFilter(FilterSecurityInterceptor.java:91)
	at org.springframework.security.web.FilterChainProxy$VirtualFilterChain.doFilter(FilterChainProxy.java:331)
	at org.springframework.security.web.access.ExceptionTranslationFilter.doFilter(ExceptionTranslationFilter.java:114)
	at org.springframework.security.web.FilterChainProxy$VirtualFilterChain.doFilter(FilterChainProxy.java:331)
	at org.springframework.security.web.session.SessionManagementFilter.doFilter(SessionManagementFilter.java:137)
	at org.springframework.security.web.FilterChainProxy$VirtualFilterChain.doFilter(FilterChainProxy.java:331)
	at org.springframework.security.web.authentication.AnonymousAuthenticationFilter.doFilter(AnonymousAuthenticationFilter.java:111)
	at org.springframework.security.web.FilterChainProxy$VirtualFilterChain.doFilter(FilterChainProxy.java:331)
	at org.springframework.security.web.servletapi.SecurityContextHolderAwareRequestFilter.doFilter(SecurityContextHolderAwareRequestFilter.java:170)
	at org.springframework.security.web.FilterChainProxy$VirtualFilterChain.doFilter(FilterChainProxy.java:331)
	at org.springframework.security.web.savedrequest.RequestCacheAwareFilter.doFilter(RequestCacheAwareFilter.java:63)
	at org.springframework.security.web.FilterChainProxy$VirtualFilterChain.doFilter(FilterChainProxy.java:331)
	at org.springframework.security.web.authentication.logout.LogoutFilter.doFilter(LogoutFilter.java:116)
	at org.springframework.security.web.FilterChainProxy$VirtualFilterChain.doFilter(FilterChainProxy.java:331)
	at org.springframework.security.web.header.HeaderWriterFilter.doFilterInternal(HeaderWriterFilter.java:64)
	at org.springframework.web.filter.OncePerRequestFilter.doFilter(OncePerRequestFilter.java:107)
	at org.springframework.security.web.FilterChainProxy$VirtualFilterChain.doFilter(FilterChainProxy.java:331)
	at org.springframework.security.web.context.SecurityContextPersistenceFilter.doFilter(SecurityContextPersistenceFilter.java:105)
	at org.springframework.security.web.FilterChainProxy$VirtualFilterChain.doFilter(FilterChainProxy.java:331)
	at org.springframework.security.web.context.request.async.WebAsyncManagerIntegrationFilter.doFilterInternal(WebAsyncManagerIntegrationFilter.java:56)
	at org.springframework.web.filter.OncePerRequestFilter.doFilter(OncePerRequestFilter.java:107)
	at org.springframework.security.web.FilterChainProxy$VirtualFilterChain.doFilter(FilterChainProxy.java:331)
	at org.springframework.security.web.FilterChainProxy.doFilterInternal(FilterChainProxy.java:214)
	at org.springframework.security.web.FilterChainProxy.doFilter(FilterChainProxy.java:177)
	at org.springframework.web.filter.DelegatingFilterProxy.invokeDelegate(DelegatingFilterProxy.java:346)
	at org.springframework.web.filter.DelegatingFilterProxy.doFilter(DelegatingFilterProxy.java:262)
	at org.apache.catalina.core.ApplicationFilterChain.internalDoFilter(ApplicationFilterChain.java:193)
	at org.apache.catalina.core.ApplicationFilterChain.doFilter(ApplicationFilterChain.java:166)
	at org.springframework.web.filter.RequestContextFilter.doFilterInternal(RequestContextFilter.java:99)
	at org.springframework.web.filter.OncePerRequestFilter.doFilter(OncePerRequestFilter.java:107)
	at org.apache.catalina.core.ApplicationFilterChain.internalDoFilter(ApplicationFilterChain.java:193)
	at org.apache.catalina.core.ApplicationFilterChain.doFilter(ApplicationFilterChain.java:166)
	at org.springframework.web.filter.HttpPutFormContentFilter.doFilterInternal(HttpPutFormContentFilter.java:105)
	at org.springframework.web.filter.OncePerRequestFilter.doFilter(OncePerRequestFilter.java:107)
	at org.apache.catalina.core.ApplicationFilterChain.internalDoFilter(ApplicationFilterChain.java:193)
	at org.apache.catalina.core.ApplicationFilterChain.doFilter(ApplicationFilterChain.java:166)
	at org.springframework.web.filter.HiddenHttpMethodFilter.doFilterInternal(HiddenHttpMethodFilter.java:81)
	at org.springframework.web.filter.OncePerRequestFilter.doFilter(OncePerRequestFilter.java:107)
	at org.apache.catalina.core.ApplicationFilterChain.internalDoFilter(ApplicationFilterChain.java:193)
	at org.apache.catalina.core.ApplicationFilterChain.doFilter(ApplicationFilterChain.java:166)
	at org.springframework.web.filter.CharacterEncodingFilter.doFilterInternal(CharacterEncodingFilter.java:197)
	at org.springframework.web.filter.OncePerRequestFilter.doFilter(OncePerRequestFilter.java:107)
	at org.apache.catalina.core.ApplicationFilterChain.internalDoFilter(ApplicationFilterChain.java:193)
	at org.apache.catalina.core.ApplicationFilterChain.doFilter(ApplicationFilterChain.java:166)
	at org.apache.catalina.core.StandardWrapperValve.invoke(StandardWrapperValve.java:198)
	at org.apache.catalina.core.StandardContextValve.invoke(StandardContextValve.java:96)
	at org.apache.catalina.authenticator.AuthenticatorBase.invoke(AuthenticatorBase.java:478)
	at org.apache.catalina.core.StandardHostValve.invoke(StandardHostValve.java:140)
	at org.apache.catalina.valves.ErrorReportValve.invoke(ErrorReportValve.java:80)
	at org.apache.catalina.core.StandardEngineValve.invoke(StandardEngineValve.java:87)
	at org.apache.catalina.connector.CoyoteAdapter.service(CoyoteAdapter.java:342)
	at org.apache.coyote.http11.Http11Processor.service(Http11Processor.java:799)
	at org.apache.coyote.AbstractProcessorLight.process(AbstractProcessorLight.java:66)
	at org.apache.coyote.AbstractProtocol$ConnectionHandler.process(AbstractProtocol.java:868)
	at org.apache.tomcat.util.net.NioEndpoint$SocketProcessor.doRun(NioEndpoint.java:1455)
	at org.apache.tomcat.util.net.SocketProcessorBase.run(SocketProcessorBase.java:49)
	at java.util.concurrent.ThreadPoolExecutor.runWorker(ThreadPoolExecutor.java:1142)
	at java.util.concurrent.ThreadPoolExecutor$Worker.run(ThreadPoolExecutor.java:617)
	at org.apache.tomcat.util.threads.TaskThread$WrappingRunnable.run(TaskThread.java:61)
	at java.lang.Thread.run(Thread.java:745)
Caused by: javax.mail.MessagingException: [EOF]
	at com.sun.mail.smtp.SMTPTransport.issueCommand(SMTPTransport.java:2233)
	at com.sun.mail.smtp.SMTPTransport.helo(SMTPTransport.java:1617)
	at com.sun.mail.smtp.SMTPTransport.protocolConnect(SMTPTransport.java:718)
	at javax.mail.Service.connect(Service.java:366)
	at org.springframework.mail.javamail.JavaMailSenderImpl.connectTransport(JavaMailSenderImpl.java:501)
	at org.springframework.mail.javamail.JavaMailSenderImpl.doSend(JavaMailSenderImpl.java:421)
	... 88 common frames omitted
2018-08-09 22:18:03,387 INFO com.prime.enquiry.controller.EnquiryController [http-nio-8888-exec-4] processing automobile enquiry request  com.nriprime.beans.enquiry.Automobile@4dcbaa9e
2018-08-09 22:18:03,399 INFO com.prime.enquiry.mail.PrimeMailServiceImpl [http-nio-8888-exec-4] Preparing to send Automobile Enquiiry start
2018-08-09 22:18:09,815 INFO com.prime.enquiry.mail.PrimeMailServiceImpl [http-nio-8888-exec-4] Preparing to send sending reply to venky.rocks777@gmail.com start
2018-08-09 22:18:13,741 INFO com.prime.enquiry.mail.PrimeMailServiceImpl [http-nio-8888-exec-4] sending reply to venky.rocks777@gmail.com sent successfully
2018-08-09 22:18:13,745 INFO com.prime.enquiry.mail.PrimeMailServiceImpl [http-nio-8888-exec-4] Automobile Enquiiry sent successfully
